<?xml version="1.0" encoding="UTF-8"?>
<testng-results ignored="0" total="5" passed="5" failed="0" skipped="0">
  <reporter-output>
  </reporter-output>
  <suite started-at="2022-07-03T18:04:29 IST" name="Default suite" finished-at="2022-07-03T18:04:30 IST" duration-ms="1022">
    <groups>
      <group name="cucumber">
        <method signature="AbstractTestNGCucumberTests.runScenario(io.cucumber.testng.PickleWrapper,io.cucumber.testng.FeatureWrapper)[pri:0, instance:testrunner.TestRuner@4310d43]" name="runScenario" class="io.cucumber.testng.AbstractTestNGCucumberTests"/>
      </group> <!-- cucumber -->
    </groups>
    <test started-at="2022-07-03T18:04:29 IST" name="Default test" finished-at="2022-07-03T18:04:30 IST" duration-ms="1022">
      <class name="testrunner.TestRuner">
        <test-method is-config="true" signature="setUpClass(org.testng.ITestContext)[pri:0, instance:testrunner.TestRuner@4310d43]" started-at="2022-07-03T18:04:29 IST" name="setUpClass" finished-at="2022-07-03T18:04:30 IST" duration-ms="555" status="PASS">
          <params>
            <param index="0">
              <value>
                <![CDATA[org.testng.TestRunner@29d37757]]>
              </value>
            </param>
          </params>
          <reporter-output>
          </reporter-output>
        </test-method> <!-- setUpClass -->
        <test-method signature="runScenario(io.cucumber.testng.PickleWrapper,io.cucumber.testng.FeatureWrapper)[pri:0, instance:testrunner.TestRuner@4310d43]" started-at="2022-07-03T18:04:30 IST" name="runScenario" description="Runs Cucumber Scenarios" data-provider="scenarios" finished-at="2022-07-03T18:04:30 IST" duration-ms="106" status="PASS">
          <params>
            <param index="0">
              <value>
                <![CDATA["Verify if the Search URL and the title is correct"]]>
              </value>
            </param>
            <param index="1">
              <value>
                <![CDATA["Search Page Test cases"]]>
              </value>
            </param>
          </params>
          <reporter-output>
          </reporter-output>
        </test-method> <!-- runScenario -->
        <test-method signature="runScenario(io.cucumber.testng.PickleWrapper,io.cucumber.testng.FeatureWrapper)[pri:0, instance:testrunner.TestRuner@4310d43]" started-at="2022-07-03T18:04:30 IST" name="runScenario" description="Runs Cucumber Scenarios" data-provider="scenarios" finished-at="2022-07-03T18:04:30 IST" duration-ms="23" status="PASS">
          <params>
            <param index="0">
              <value>
                <![CDATA["Verify if the user is able to search for a product"]]>
              </value>
            </param>
            <param index="1">
              <value>
                <![CDATA["Search Page Test cases"]]>
              </value>
            </param>
          </params>
          <reporter-output>
          </reporter-output>
        </test-method> <!-- runScenario -->
        <test-method signature="runScenario(io.cucumber.testng.PickleWrapper,io.cucumber.testng.FeatureWrapper)[pri:0, instance:testrunner.TestRuner@4310d43]" started-at="2022-07-03T18:04:30 IST" name="runScenario" description="Runs Cucumber Scenarios" data-provider="scenarios" finished-at="2022-07-03T18:04:30 IST" duration-ms="37" status="PASS">
          <params>
            <param index="0">
              <value>
                <![CDATA["Verify if the user is able to add item to cart"]]>
              </value>
            </param>
            <param index="1">
              <value>
                <![CDATA["Search Page Test cases"]]>
              </value>
            </param>
          </params>
          <reporter-output>
          </reporter-output>
        </test-method> <!-- runScenario -->
        <test-method signature="runScenario(io.cucumber.testng.PickleWrapper,io.cucumber.testng.FeatureWrapper)[pri:0, instance:testrunner.TestRuner@4310d43]" started-at="2022-07-03T18:04:30 IST" name="runScenario" description="Runs Cucumber Scenarios" data-provider="scenarios" finished-at="2022-07-03T18:04:30 IST" duration-ms="18" status="PASS">
          <params>
            <param index="0">
              <value>
                <![CDATA["Verify if the search icon is visibile on the page"]]>
              </value>
            </param>
            <param index="1">
              <value>
                <![CDATA["Search Page Test cases"]]>
              </value>
            </param>
          </params>
          <reporter-output>
          </reporter-output>
        </test-method> <!-- runScenario -->
        <test-method signature="runScenario(io.cucumber.testng.PickleWrapper,io.cucumber.testng.FeatureWrapper)[pri:0, instance:testrunner.TestRuner@4310d43]" started-at="2022-07-03T18:04:30 IST" name="runScenario" description="Runs Cucumber Scenarios" data-provider="scenarios" finished-at="2022-07-03T18:04:30 IST" duration-ms="16" status="PASS">
          <params>
            <param index="0">
              <value>
                <![CDATA["Verify if the user is able to filter based on Delivery Day"]]>
              </value>
            </param>
            <param index="1">
              <value>
                <![CDATA["Search Page Test cases"]]>
              </value>
            </param>
          </params>
          <reporter-output>
          </reporter-output>
        </test-method> <!-- runScenario -->
        <test-method is-config="true" signature="tearDownClass()[pri:0, instance:testrunner.TestRuner@4310d43]" started-at="2022-07-03T18:04:30 IST" name="tearDownClass" finished-at="2022-07-03T18:04:30 IST" duration-ms="219" status="PASS">
          <reporter-output>
          </reporter-output>
        </test-method> <!-- tearDownClass -->
      </class> <!-- testrunner.TestRuner -->
    </test> <!-- Default test -->
  </suite> <!-- Default suite -->
</testng-results>
